{"level":"INFO","message":"[3:06:57.330 PM]: Creating new connection object"}
{"level":"INFO","message":"[3:06:57.336 PM]: Creating Connection[id: e18c1256-47d3-430b-ab33-ea177a8e041e] with host: aalwtqw-we85311.snowflakecomputing.com, account: aalwtqw-we85311, accessUrl: https://aalwtqw-we85311.snowflakecomputing.com, user: hlee3088, role: ACCOUNTADMIN, database: MY_DB, schema: PUBLIC, warehouse: COMPUTE_WH, proxy was not configured, password is provided, region: undefined, authenticator: SNOWFLAKE, ocsp mode: FAIL_OPEN, os: darwin, os version: 24.0.0"}
{"level":"INFO","message":"[3:06:57.336 PM]: Connection[id: e18c1256-47d3-430b-ab33-ea177a8e041e] additional details: passcode in password is provided, passcode is not provided, private key is not provided, application: undefined, client name: snowflake-sdk, client version: 2.4.3, retry timeout: 300, private key path: undefined, private key pass is not provided, client store temporary credential: false, browser response timeout: 120000"}
{"level":"INFO","message":"[3:06:57.337 PM]: Connection[id: e18c1256-47d3-430b-ab33-ea177a8e041e] - connection object created successfully."}
{"level":"INFO","message":"[3:06:57.338 PM]: Connection[id: e18c1256-47d3-430b-ab33-ea177a8e041e] - async connecting. Associated Snowflake domain: GLOBAL"}
{"level":"INFO","message":"[3:06:57.338 PM]: Trying to initialize Easy Logging"}
{"level":"INFO","message":"[3:06:57.340 PM]: No client config detected."}
{"level":"INFO","message":"[3:06:57.340 PM]: No config file path found. Client config will not be used."}
{"level":"INFO","message":"[3:06:57.340 PM]: Easy Logging is disabled as no config has been found"}
{"level":"INFO","message":"[3:06:57.340 PM]: Connection[id: e18c1256-47d3-430b-ab33-ea177a8e041e] - authentication successful using: SNOWFLAKE"}
{"level":"INFO","message":"[3:06:58.794 PM]: Connection[id: e18c1256-47d3-430b-ab33-ea177a8e041e] - connection established successfully after 1456.58 milliseconds"}
{"level":"INFO","message":"[3:08:24.956 PM]: Creating new connection object"}
{"level":"INFO","message":"[3:08:24.957 PM]: Creating Connection[id: 82e3a534-c6a2-44d3-aa1e-6256bb755c26] with host: aalwtqw-we85311.snowflakecomputing.com, account: aalwtqw-we85311, accessUrl: https://aalwtqw-we85311.snowflakecomputing.com, user: hlee3088, role: ACCOUNTADMIN, database: MY_DB, schema: PUBLIC, warehouse: COMPUTE_WH, proxy was not configured, password is provided, region: undefined, authenticator: SNOWFLAKE, ocsp mode: FAIL_OPEN, os: darwin, os version: 24.0.0"}
{"level":"INFO","message":"[3:08:24.957 PM]: Connection[id: 82e3a534-c6a2-44d3-aa1e-6256bb755c26] additional details: passcode in password is provided, passcode is not provided, private key is not provided, application: undefined, client name: snowflake-sdk, client version: 2.4.3, retry timeout: 300, private key path: undefined, private key pass is not provided, client store temporary credential: false, browser response timeout: 120000"}
{"level":"INFO","message":"[3:08:24.957 PM]: Connection[id: 82e3a534-c6a2-44d3-aa1e-6256bb755c26] - connection object created successfully."}
{"level":"INFO","message":"[3:08:24.958 PM]: Connection[id: 82e3a534-c6a2-44d3-aa1e-6256bb755c26] - async connecting. Associated Snowflake domain: GLOBAL"}
{"level":"INFO","message":"[3:08:24.958 PM]: Connection[id: 82e3a534-c6a2-44d3-aa1e-6256bb755c26] - authentication successful using: SNOWFLAKE"}
{"level":"INFO","message":"[3:08:25.888 PM]: Connection[id: 82e3a534-c6a2-44d3-aa1e-6256bb755c26] - connection established successfully after 930.21 milliseconds"}
{"level":"INFO","message":"[3:38:50.021 PM]: Creating new connection object"}
{"level":"INFO","message":"[3:38:50.023 PM]: Creating Connection[id: 78943124-fdd4-48a1-a97f-086dd78f7988] with host: aalwtqw-we85311.snowflakecomputing.com, account: aalwtqw-we85311, accessUrl: https://aalwtqw-we85311.snowflakecomputing.com, user: hlee3088, role: ACCOUNTADMIN, database: MY_DB, schema: PUBLIC, warehouse: COMPUTE_WH, proxy was not configured, password is provided, region: undefined, authenticator: SNOWFLAKE, ocsp mode: FAIL_OPEN, os: darwin, os version: 24.0.0"}
{"level":"INFO","message":"[3:38:50.023 PM]: Connection[id: 78943124-fdd4-48a1-a97f-086dd78f7988] additional details: passcode in password is provided, passcode is not provided, private key is not provided, application: undefined, client name: snowflake-sdk, client version: 2.4.3, retry timeout: 300, private key path: undefined, private key pass is not provided, client store temporary credential: false, browser response timeout: 120000"}
{"level":"INFO","message":"[3:38:50.023 PM]: Connection[id: 78943124-fdd4-48a1-a97f-086dd78f7988] - connection object created successfully."}
{"level":"INFO","message":"[3:38:50.023 PM]: Connection[id: 78943124-fdd4-48a1-a97f-086dd78f7988] - async connecting. Associated Snowflake domain: GLOBAL"}
{"level":"INFO","message":"[3:38:50.023 PM]: Connection[id: 78943124-fdd4-48a1-a97f-086dd78f7988] - authentication successful using: SNOWFLAKE"}
{"level":"INFO","message":"[3:38:51.255 PM]: Connection[id: 78943124-fdd4-48a1-a97f-086dd78f7988] - connection established successfully after 1231.58 milliseconds"}
{"level":"INFO","message":"[3:39:55.501 PM]: Creating new connection object"}
{"level":"INFO","message":"[3:39:55.502 PM]: Creating Connection[id: 0367f19e-7eec-4fdc-b60f-f1ec09548eeb] with host: aalwtqw-we85311.snowflakecomputing.com, account: aalwtqw-we85311, accessUrl: https://aalwtqw-we85311.snowflakecomputing.com, user: hlee3088, role: ACCOUNTADMIN, database: MY_DB, schema: PUBLIC, warehouse: COMPUTE_WH, proxy was not configured, password is provided, region: undefined, authenticator: SNOWFLAKE, ocsp mode: FAIL_OPEN, os: darwin, os version: 24.0.0"}
{"level":"INFO","message":"[3:39:55.502 PM]: Connection[id: 0367f19e-7eec-4fdc-b60f-f1ec09548eeb] additional details: passcode in password is provided, passcode is not provided, private key is not provided, application: undefined, client name: snowflake-sdk, client version: 2.4.3, retry timeout: 300, private key path: undefined, private key pass is not provided, client store temporary credential: false, browser response timeout: 120000"}
{"level":"INFO","message":"[3:39:55.503 PM]: Connection[id: 0367f19e-7eec-4fdc-b60f-f1ec09548eeb] - connection object created successfully."}
{"level":"INFO","message":"[3:39:55.503 PM]: Connection[id: 0367f19e-7eec-4fdc-b60f-f1ec09548eeb] - async connecting. Associated Snowflake domain: GLOBAL"}
{"level":"INFO","message":"[3:39:55.503 PM]: Connection[id: 0367f19e-7eec-4fdc-b60f-f1ec09548eeb] - authentication successful using: SNOWFLAKE"}
{"level":"INFO","message":"[3:39:56.162 PM]: Connection[id: 0367f19e-7eec-4fdc-b60f-f1ec09548eeb] - connection established successfully after 658.84 milliseconds"}
{"level":"INFO","message":"[3:41:19.241 PM]: Creating new connection object"}
{"level":"INFO","message":"[3:41:19.247 PM]: Creating Connection[id: 9226623d-4456-4076-a747-832195460a05] with host: aalwtqw-we85311.snowflakecomputing.com, account: aalwtqw-we85311, accessUrl: https://aalwtqw-we85311.snowflakecomputing.com, user: hlee3088, role: ACCOUNTADMIN, database: MY_DB, schema: PUBLIC, warehouse: COMPUTE_WH, proxy was not configured, password is provided, region: undefined, authenticator: SNOWFLAKE, ocsp mode: FAIL_OPEN, os: darwin, os version: 24.0.0"}
{"level":"INFO","message":"[3:41:19.247 PM]: Connection[id: 9226623d-4456-4076-a747-832195460a05] additional details: passcode in password is provided, passcode is not provided, private key is not provided, application: undefined, client name: snowflake-sdk, client version: 2.4.3, retry timeout: 300, private key path: undefined, private key pass is not provided, client store temporary credential: false, browser response timeout: 120000"}
{"level":"INFO","message":"[3:41:19.247 PM]: Connection[id: 9226623d-4456-4076-a747-832195460a05] - connection object created successfully."}
{"level":"INFO","message":"[3:41:19.250 PM]: Connection[id: 9226623d-4456-4076-a747-832195460a05] - async connecting. Associated Snowflake domain: GLOBAL"}
{"level":"INFO","message":"[3:41:19.250 PM]: Trying to initialize Easy Logging"}
{"level":"INFO","message":"[3:41:19.252 PM]: No client config detected."}
{"level":"INFO","message":"[3:41:19.252 PM]: No config file path found. Client config will not be used."}
{"level":"INFO","message":"[3:41:19.252 PM]: Easy Logging is disabled as no config has been found"}
{"level":"INFO","message":"[3:41:19.252 PM]: Connection[id: 9226623d-4456-4076-a747-832195460a05] - authentication successful using: SNOWFLAKE"}
{"level":"INFO","message":"[3:41:20.308 PM]: Connection[id: 9226623d-4456-4076-a747-832195460a05] - connection established successfully after 1058.05 milliseconds"}
{"level":"INFO","message":"[3:42:15.030 PM]: Creating new connection object"}
{"level":"INFO","message":"[3:42:15.031 PM]: Creating Connection[id: 26fd73a9-34cd-418d-b858-175beb93be07] with host: aalwtqw-we85311.snowflakecomputing.com, account: aalwtqw-we85311, accessUrl: https://aalwtqw-we85311.snowflakecomputing.com, user: hlee3088, role: ACCOUNTADMIN, database: MY_DB, schema: PUBLIC, warehouse: COMPUTE_WH, proxy was not configured, password is provided, region: undefined, authenticator: SNOWFLAKE, ocsp mode: FAIL_OPEN, os: darwin, os version: 24.0.0"}
{"level":"INFO","message":"[3:42:15.031 PM]: Connection[id: 26fd73a9-34cd-418d-b858-175beb93be07] additional details: passcode in password is provided, passcode is not provided, private key is not provided, application: undefined, client name: snowflake-sdk, client version: 2.4.3, retry timeout: 300, private key path: undefined, private key pass is not provided, client store temporary credential: false, browser response timeout: 120000"}
{"level":"INFO","message":"[3:42:15.031 PM]: Connection[id: 26fd73a9-34cd-418d-b858-175beb93be07] - connection object created successfully."}
{"level":"INFO","message":"[3:42:15.032 PM]: Connection[id: 26fd73a9-34cd-418d-b858-175beb93be07] - async connecting. Associated Snowflake domain: GLOBAL"}
{"level":"INFO","message":"[3:42:15.032 PM]: Connection[id: 26fd73a9-34cd-418d-b858-175beb93be07] - authentication successful using: SNOWFLAKE"}
{"level":"INFO","message":"[3:42:15.661 PM]: Connection[id: 26fd73a9-34cd-418d-b858-175beb93be07] - connection established successfully after 629.28 milliseconds"}
